TN:
SF:src\interfaces\ITeam.ts
FN:1,(empty-report)
FNF:1
FNH:0
FNDA:0,(empty-report)
DA:1,0
DA:2,0
DA:3,0
LF:3
LH:0
BRDA:1,0,0,0
BRF:1
BRH:0
end_of_record
TN:
SF:src\models\ContractModel.ts
FN:6,ContractModel
FN:10,getId
FN:14,getDateInit
FN:18,getExpirationDate
FN:22,getMonth
FN:26,getMonthlyCost
FN:33,getMothlyDiscount
FNF:7
FNH:7
FNDA:2,ContractModel
FNDA:1,getId
FNDA:1,getDateInit
FNDA:1,getExpirationDate
FNDA:1,getMonth
FNDA:1,getMonthlyCost
FNDA:1,getMothlyDiscount
DA:1,1
DA:2,1
DA:3,1
DA:4,1
DA:5,1
DA:6,1
DA:7,2
DA:8,2
DA:9,1
DA:10,1
DA:11,1
DA:12,1
DA:13,1
DA:14,1
DA:15,1
DA:16,1
DA:17,1
DA:18,1
DA:19,1
DA:20,1
DA:21,1
DA:22,1
DA:23,1
DA:24,1
DA:25,1
DA:26,1
DA:27,1
DA:28,1
DA:29,1
DA:30,1
DA:31,1
DA:32,1
DA:33,1
DA:34,1
DA:35,1
DA:36,1
LF:36
LH:36
BRDA:6,0,0,2
BRDA:10,1,0,1
BRDA:14,2,0,1
BRDA:18,3,0,1
BRDA:22,4,0,1
BRDA:26,5,0,1
BRDA:33,6,0,1
BRF:7
BRH:7
end_of_record
TN:
SF:src\models\PenModel.ts
FN:13,Pen
FN:15,write
FNF:2
FNH:2
FNDA:1,Pen
FNDA:1,write
DA:1,1
DA:2,1
DA:3,1
DA:4,1
DA:5,1
DA:6,1
DA:7,1
DA:8,1
DA:9,1
DA:10,1
DA:11,1
DA:12,1
DA:13,1
DA:14,1
DA:15,1
DA:16,1
DA:17,1
DA:18,1
LF:18
LH:18
BRDA:13,0,0,1
BRDA:15,1,0,1
BRF:2
BRH:2
end_of_record
