TN:
SF:src\helpers\foodModelHelper.ts
FN:1,(empty-report)
FNF:1
FNH:0
FNDA:0,(empty-report)
DA:1,0
DA:2,0
DA:3,0
DA:4,0
DA:5,0
DA:6,0
DA:7,0
DA:8,0
LF:8
LH:0
BRDA:1,0,0,0
BRF:1
BRH:0
end_of_record
TN:
SF:src\helpers\vehicleModelHelper.ts
FN:1,(empty-report)
FNF:1
FNH:0
FNDA:0,(empty-report)
DA:1,0
DA:2,0
DA:3,0
DA:4,0
DA:5,0
DA:6,0
DA:7,0
DA:8,0
DA:9,0
DA:10,0
LF:10
LH:0
BRDA:1,0,0,0
BRF:1
BRH:0
end_of_record
TN:
SF:src\models\FoodModel.ts
FN:3,FoodModel
FN:5,getType
FN:9,getYear
FN:13,getStatus
FNF:4
FNH:4
FNDA:1,FoodModel
FNDA:1,getType
FNDA:1,getYear
FNDA:1,getStatus
DA:1,1
DA:2,1
DA:3,1
DA:4,1
DA:5,1
DA:6,1
DA:7,1
DA:8,1
DA:9,1
DA:10,1
DA:11,1
DA:12,1
DA:13,1
DA:14,1
DA:15,1
DA:16,1
LF:16
LH:16
BRDA:3,0,0,1
BRDA:5,1,0,1
BRDA:9,2,0,1
BRDA:13,3,0,1
BRF:4
BRH:4
end_of_record
TN:
SF:src\models\VehicleModel.ts
FN:7,VehicleModel
FN:9,getName
FN:13,getModel
FN:17,getYear
FN:21,getPrice
FN:25,getInventory
FNF:6
FNH:6
FNDA:1,VehicleModel
FNDA:1,getName
FNDA:1,getModel
FNDA:1,getYear
FNDA:1,getPrice
FNDA:1,getInventory
DA:1,1
DA:2,1
DA:3,1
DA:4,1
DA:5,1
DA:6,1
DA:7,1
DA:8,1
DA:9,1
DA:10,1
DA:11,1
DA:12,1
DA:13,1
DA:14,1
DA:15,1
DA:16,1
DA:17,1
DA:18,1
DA:19,1
DA:20,1
DA:21,1
DA:22,1
DA:23,1
DA:24,1
DA:25,1
DA:26,1
DA:27,1
DA:28,1
LF:28
LH:28
BRDA:7,0,0,1
BRDA:9,1,0,1
BRDA:13,2,0,1
BRDA:17,3,0,1
BRDA:21,4,0,1
BRDA:25,5,0,1
BRF:6
BRH:6
end_of_record
